<?xml version="1.0" encoding="UTF-8"?>
<!-- Generated by org.testng.reporters.JUnitReportReporter -->
<testsuite skipped="0" hostname="hp" name="com.driven.test.RediffTestNG" tests="4" failures="0" timestamp="18 May 2019 12:43:18 GMT" time="26.525" errors="0">
  <testcase name="rediffregtest" time="6.351" classname="com.driven.test.RediffTestNG"/>
  <testcase name="rediffregtest" time="6.446" classname="com.driven.test.RediffTestNG"/>
  <testcase name="rediffregtest" time="6.108" classname="com.driven.test.RediffTestNG"/>
  <testcase name="rediffregtest" time="7.620" classname="com.driven.test.RediffTestNG"/>
</testsuite> <!-- com.driven.test.RediffTestNG -->
